Job started at  Mon Mar 23 11:35:36 AM CET 2026
Hostname:  cf-prod-node-031
[11:35:52] Running command: train
$ nnUNetv2_train 1 3d_lower 0 -p nnUNetResEncUNetLPlans --c
Using device: cuda:0
Traceback (most recent call last):
  File "/home/morgaoli/Bachelor-Thesis/.venv/bin/nnUNetv2_train", line 8, in <module>
    sys.exit(run_training_entry())
             ^^^^^^^^^^^^^^^^^^^^
  File "/home/morgaoli/Bachelor-Thesis/.venv/lib/python3.12/site-packages/nnunetv2/run/run_training.py", line 266, in run_training_entry
    run_training(args.dataset_name_or_id, args.configuration, args.fold, args.tr, args.p, args.pretrained_weights,
  File "/home/morgaoli/Bachelor-Thesis/.venv/lib/python3.12/site-packages/nnunetv2/run/run_training.py", line 192, in run_training
    nnunet_trainer = get_trainer_from_args(dataset_name_or_id, configuration, fold, trainer_class_name,
                     ^^^^^^^^^^^^^^^^^^^^^^^^^^^^^^^^^^^^^^^^^^^^^^^^^^^^^^^^^^^^^^^^^^^^^^^^^^^^^^^^^^
  File "/home/morgaoli/Bachelor-Thesis/.venv/lib/python3.12/site-packages/nnunetv2/run/run_training.py", line 65, in get_trainer_from_args
    nnunet_trainer = nnunet_trainer(plans=plans, configuration=configuration, fold=fold,
                     ^^^^^^^^^^^^^^^^^^^^^^^^^^^^^^^^^^^^^^^^^^^^^^^^^^^^^^^^^^^^^^^^^^^
  File "/home/morgaoli/Bachelor-Thesis/sitecustomize.py", line 39, in _patched_init
    _original_init(self, *args, **kwargs)
  File "/home/morgaoli/Bachelor-Thesis/.venv/lib/python3.12/site-packages/nnunetv2/training/nnUNetTrainer/nnUNetTrainer.py", line 116, in __init__
    self.configuration_manager = self.plans_manager.get_configuration(configuration)
                                 ^^^^^^^^^^^^^^^^^^^^^^^^^^^^^^^^^^^^^^^^^^^^^^^^^^^
  File "/home/morgaoli/Bachelor-Thesis/.venv/lib/python3.12/site-packages/nnunetv2/utilities/plans_handling/plans_handler.py", line 258, in get_configuration
    raise RuntimeError(f"Requested configuration {configuration_name} not found in plans. "
RuntimeError: Requested configuration 3d_lower not found in plans. Available configurations: ['2d', '3d_fullres']
[11:36:02] Failed train
Traceback (most recent call last):
  File "/home/morgaoli/Bachelor-Thesis/src/nn_UNet/pipeline.py", line 925, in <module>
    main()
  File "/home/morgaoli/Bachelor-Thesis/src/nn_UNet/pipeline.py", line 914, in main
    run_train(args, env)
  File "/home/morgaoli/Bachelor-Thesis/src/nn_UNet/pipeline.py", line 555, in run_train
    run_cmd(cmd, env, "train")
  File "/home/morgaoli/Bachelor-Thesis/src/nn_UNet/pipeline.py", line 131, in run_cmd
    subprocess.run(command, check=True, env=env)
  File "/usr/lib/python3.12/subprocess.py", line 571, in run
    raise CalledProcessError(retcode, process.args,
subprocess.CalledProcessError: Command '['nnUNetv2_train', '1', '3d_lower', '0', '-p', 'nnUNetResEncUNetLPlans', '--c']' returned non-zero exit status 1.
Job finished at  Mon Mar 23 11:36:03 AM CET 2026
