Job started at  Sat Mar 21 02:04:00 PM CET 2026
Hostname:  cf-prod-node-031
[14:04:20] Running command: train
$ nnUNetv2_train 1 3d_fullres 0 -p nnUNetResEncUNetLPlans
Using device: cuda:0

#######################################################################
Please cite the following paper when using nnU-Net:
Isensee, F., Jaeger, P. F., Kohl, S. A., Petersen, J., & Maier-Hein, K. H. (2021). nnU-Net: a self-configuring method for deep learning-based biomedical image segmentation. Nature methods, 18(2), 203-211.
#######################################################################

2026-03-21 14:04:38.997387: do_dummy_2d_data_aug: False
2026-03-21 14:04:39.003984: Using splits from existing split file: /home/morgaoli/Bachelor-Thesis/datasets/nnunet_data/nnUNet_preprocessed/Dataset001_BPWoodDefects/splits_final.json
2026-03-21 14:04:39.010310: The split file contains 5 splits.
2026-03-21 14:04:39.012653: Desired fold for training: 0
2026-03-21 14:04:39.014791: This split has 577 training and 145 validation cases.
using pin_memory on device 0
using pin_memory on device 0

This is the configuration used by this training:
Configuration name: 3d_fullres
 {'data_identifier': 'nnUNetPlans_3d_fullres', 'preprocessor_name': 'DefaultPreprocessor', 'batch_size': 7, 'patch_size': [96, 256, 96], 'median_image_size_in_voxels': [96.0, 256.0, 96.0], 'spacing': [1.0, 1.0, 1.0], 'normalization_schemes': ['ZScoreNormalization'], 'use_mask_for_norm': [False], 'resampling_fn_data': 'resample_data_or_seg_to_shape', 'resampling_fn_seg': 'resample_data_or_seg_to_shape', 'resampling_fn_data_kwargs': {'is_seg': False, 'order': 3, 'order_z': 0, 'force_separate_z': None}, 'resampling_fn_seg_kwargs': {'is_seg': True, 'order': 1, 'order_z': 0, 'force_separate_z': None}, 'resampling_fn_probabilities': 'resample_data_or_seg_to_shape', 'resampling_fn_probabilities_kwargs': {'is_seg': False, 'order': 1, 'order_z': 0, 'force_separate_z': None}, 'architecture': {'network_class_name': 'dynamic_network_architectures.architectures.unet.ResidualEncoderUNet', 'arch_kwargs': {'n_stages': 6, 'features_per_stage': [32, 64, 128, 256, 320, 320], 'conv_op': 'torch.nn.modules.conv.Conv3d', 'kernel_sizes': [[3, 3, 3], [3, 3, 3], [3, 3, 3], [3, 3, 3], [3, 3, 3], [3, 3, 3]], 'strides': [[1, 1, 1], [2, 2, 2], [2, 2, 2], [2, 2, 2], [2, 2, 2], [1, 2, 1]], 'n_blocks_per_stage': [1, 3, 4, 6, 6, 6], 'n_conv_per_stage_decoder': [1, 1, 1, 1, 1], 'conv_bias': True, 'norm_op': 'torch.nn.modules.instancenorm.InstanceNorm3d', 'norm_op_kwargs': {'eps': 1e-05, 'affine': True}, 'dropout_op': None, 'dropout_op_kwargs': None, 'nonlin': 'torch.nn.LeakyReLU', 'nonlin_kwargs': {'inplace': True}}, '_kw_requires_import': ['conv_op', 'norm_op', 'dropout_op', 'nonlin']}, 'batch_dice': False} 

These are the global plan.json settings:
 {'dataset_name': 'Dataset001_BPWoodDefects', 'plans_name': 'nnUNetResEncUNetLPlans', 'original_median_spacing_after_transp': [1.0, 1.0, 1.0], 'original_median_shape_after_transp': [96, 256, 96], 'image_reader_writer': 'SimpleITKIO', 'transpose_forward': [0, 1, 2], 'transpose_backward': [0, 1, 2], 'experiment_planner_used': 'nnUNetPlannerResEncL', 'label_manager': 'LabelManager', 'foreground_intensity_properties_per_channel': {'0': {'max': 128.0, 'mean': 69.90880584716797, 'median': 75.0, 'min': 15.0, 'percentile_00_5': 15.0, 'percentile_99_5': 128.0, 'std': 33.33543395996094}}} 

2026-03-21 14:04:53.258128: 
2026-03-21 14:04:53.260094: Epoch 0
2026-03-21 14:04:53.262375: Current learning rate: 0.01
2026-03-21 14:09:43.714501: train_loss 0.1191
2026-03-21 14:09:43.719465: val_loss -0.0312
2026-03-21 14:09:43.721910: Pseudo dice [0.0, 0.0, 0.0, 0.2297, 0.5196]
2026-03-21 14:09:43.724156: Epoch time: 290.46 s
2026-03-21 14:09:43.726413: Yayy! New best EMA pseudo Dice: 0.1498
2026-03-21 14:09:47.234851: 
2026-03-21 14:09:47.237050: Epoch 1
2026-03-21 14:09:47.238976: Current learning rate: 0.00999
2026-03-21 14:14:15.534976: train_loss -0.0442
2026-03-21 14:14:15.543893: val_loss -0.1021
2026-03-21 14:14:15.547986: Pseudo dice [0.0, 0.0, 0.0, 0.4192, 0.7961]
2026-03-21 14:14:15.551648: Epoch time: 268.3 s
2026-03-21 14:14:15.558361: Yayy! New best EMA pseudo Dice: 0.1592
2026-03-21 14:14:22.666145: 
2026-03-21 14:14:22.671284: Epoch 2
2026-03-21 14:14:22.674432: Current learning rate: 0.00998
2026-03-21 14:18:33.720821: train_loss -0.1019
2026-03-21 14:18:33.726572: val_loss -0.1328
2026-03-21 14:18:33.728641: Pseudo dice [0.0, 0.6367, 0.0, 0.5356, 0.8684]
2026-03-21 14:18:33.730457: Epoch time: 251.06 s
2026-03-21 14:18:33.732535: Yayy! New best EMA pseudo Dice: 0.1841
2026-03-21 14:18:37.278800: 
2026-03-21 14:18:37.280607: Epoch 3
2026-03-21 14:18:37.282439: Current learning rate: 0.00997
2026-03-21 14:22:37.664595: train_loss -0.1346
2026-03-21 14:22:37.670012: val_loss -0.1695
2026-03-21 14:22:37.672788: Pseudo dice [0.0, 0.7434, 0.0, 0.7413, 0.8949]
2026-03-21 14:22:37.674893: Epoch time: 240.39 s
2026-03-21 14:22:37.676789: Yayy! New best EMA pseudo Dice: 0.2133
2026-03-21 14:22:42.607332: 
2026-03-21 14:22:42.609927: Epoch 4
2026-03-21 14:22:42.612142: Current learning rate: 0.00996
2026-03-21 14:27:01.060237: train_loss -0.1593
2026-03-21 14:27:01.069855: val_loss -0.1967
2026-03-21 14:27:01.073153: Pseudo dice [0.0, 0.8067, 0.0, 0.8237, 0.9064]
2026-03-21 14:27:01.077579: Epoch time: 258.46 s
2026-03-21 14:27:01.080460: Yayy! New best EMA pseudo Dice: 0.2427
2026-03-21 14:27:07.267741: 
2026-03-21 14:27:07.271349: Epoch 5
2026-03-21 14:27:07.274274: Current learning rate: 0.00995
2026-03-21 14:31:23.706764: train_loss -0.1778
2026-03-21 14:31:23.714568: val_loss -0.1925
2026-03-21 14:31:23.717671: Pseudo dice [0.0, 0.8085, 0.0, 0.8588, 0.9182]
2026-03-21 14:31:23.720521: Epoch time: 256.44 s
2026-03-21 14:31:23.724025: Yayy! New best EMA pseudo Dice: 0.2701
2026-03-21 14:31:30.971510: 
2026-03-21 14:31:30.974045: Epoch 6
2026-03-21 14:31:30.975876: Current learning rate: 0.00995
2026-03-21 14:36:05.154519: train_loss -0.1928
2026-03-21 14:36:05.162832: val_loss -0.2408
2026-03-21 14:36:05.166485: Pseudo dice [0.0, 0.7975, 0.0, 0.899, 0.9452]
2026-03-21 14:36:05.170624: Epoch time: 274.19 s
2026-03-21 14:36:05.174044: Yayy! New best EMA pseudo Dice: 0.2959
2026-03-21 14:36:11.940723: 
2026-03-21 14:36:11.943403: Epoch 7
2026-03-21 14:36:11.945580: Current learning rate: 0.00994
2026-03-21 14:40:41.065347: train_loss -0.2269
2026-03-21 14:40:41.072471: val_loss -0.2459
2026-03-21 14:40:41.075323: Pseudo dice [0.0, 0.7621, 0.0, 0.8774, 0.9315]
2026-03-21 14:40:41.077930: Epoch time: 269.13 s
2026-03-21 14:40:41.080098: Yayy! New best EMA pseudo Dice: 0.3178
2026-03-21 14:40:46.869047: 
2026-03-21 14:40:46.872359: Epoch 8
2026-03-21 14:40:46.874686: Current learning rate: 0.00993
slurmstepd-cf-prod-node-031: error: *** JOB 679 ON cf-prod-node-031 CANCELLED AT 2026-03-21T14:44:27 ***
