Job started at  Sat Mar 21 02:49:24 PM CET 2026
Hostname:  cf-prod-node-011
[14:49:38] Running command: plan
$ nnUNetv2_plan_and_preprocess -d 1 -pl nnUNetPlannerResEncL --verify_dataset_integrity -overwrite_plans_name nnUNetResEncUNetLPlans
Fingerprint extraction...
Dataset001_BPWoodDefects
Traceback (most recent call last):
  File "/home/morgaoli/Bachelor-Thesis/.venv/bin/nnUNetv2_plan_and_preprocess", line 8, in <module>
    sys.exit(plan_and_preprocess_entry())
             ^^^^^^^^^^^^^^^^^^^^^^^^^^^
  File "/home/morgaoli/Bachelor-Thesis/.venv/lib/python3.12/site-packages/nnunetv2/experiment_planning/plan_and_preprocess_entrypoints.py", line 180, in plan_and_preprocess_entry
    extract_fingerprints(args.d, args.fpe, args.npfp, args.verify_dataset_integrity, args.clean, args.verbose)
  File "/home/morgaoli/Bachelor-Thesis/.venv/lib/python3.12/site-packages/nnunetv2/experiment_planning/plan_and_preprocess_api.py", line 47, in extract_fingerprints
    extract_fingerprint_dataset(d, fingerprint_extractor_class, num_processes, check_dataset_integrity, clean,
  File "/home/morgaoli/Bachelor-Thesis/.venv/lib/python3.12/site-packages/nnunetv2/experiment_planning/plan_and_preprocess_api.py", line 30, in extract_fingerprint_dataset
    verify_dataset_integrity(join(nnUNet_raw, dataset_name), num_processes)
  File "/home/morgaoli/Bachelor-Thesis/.venv/lib/python3.12/site-packages/nnunetv2/experiment_planning/verify_dataset_integrity.py", line 125, in verify_dataset_integrity
    assert isfile(join(folder, "dataset.json")), f"There needs to be a dataset.json file in folder, folder={folder}"
           ^^^^^^^^^^^^^^^^^^^^^^^^^^^^^^^^^^^^
AssertionError: There needs to be a dataset.json file in folder, folder=/home/morgaoli/Bachelor-Thesis/datasets/nnunet_data/nnUNet_raw/Dataset001_BPWoodDefects
[14:49:57] Failed plan + preprocess
Traceback (most recent call last):
  File "/home/morgaoli/Bachelor-Thesis/src/nn_UNet/pipeline.py", line 925, in <module>
    main()
  File "/home/morgaoli/Bachelor-Thesis/src/nn_UNet/pipeline.py", line 911, in main
    run_plan(args, env)
  File "/home/morgaoli/Bachelor-Thesis/src/nn_UNet/pipeline.py", line 527, in run_plan
    run_cmd(cmd, env, "plan + preprocess")
  File "/home/morgaoli/Bachelor-Thesis/src/nn_UNet/pipeline.py", line 131, in run_cmd
    subprocess.run(command, check=True, env=env)
  File "/usr/lib/python3.12/subprocess.py", line 571, in run
    raise CalledProcessError(retcode, process.args,
subprocess.CalledProcessError: Command '['nnUNetv2_plan_and_preprocess', '-d', '1', '-pl', 'nnUNetPlannerResEncL', '--verify_dataset_integrity', '-overwrite_plans_name', 'nnUNetResEncUNetLPlans']' returned non-zero exit status 1.
Job finished at  Sat Mar 21 02:50:02 PM CET 2026
