Job started at  Sat Mar 21 03:09:46 AM CET 2026
Hostname:  cf-prod-node-031
[03:09:55] Running command: train
$ nnUNetv2_train 1 3d_fullres 0 -p nnUNetResEncUNetLPlans
Using device: cuda:0

#######################################################################
Please cite the following paper when using nnU-Net:
Isensee, F., Jaeger, P. F., Kohl, S. A., Petersen, J., & Maier-Hein, K. H. (2021). nnU-Net: a self-configuring method for deep learning-based biomedical image segmentation. Nature methods, 18(2), 203-211.
#######################################################################

2026-03-21 03:10:04.555112: do_dummy_2d_data_aug: False
2026-03-21 03:10:04.559839: Using splits from existing split file: /home/morgaoli/Bachelor-Thesis/datasets/nnunet_data/nnUNet_preprocessed/Dataset001_BPWoodDefects/splits_final.json
2026-03-21 03:10:04.562534: The split file contains 5 splits.
2026-03-21 03:10:04.564002: Desired fold for training: 0
2026-03-21 03:10:04.565616: This split has 577 training and 145 validation cases.
using pin_memory on device 0
using pin_memory on device 0

This is the configuration used by this training:
Configuration name: 3d_fullres
 {'data_identifier': 'nnUNetPlans_3d_fullres', 'preprocessor_name': 'DefaultPreprocessor', 'batch_size': 7, 'patch_size': [96, 256, 96], 'median_image_size_in_voxels': [96.0, 256.0, 96.0], 'spacing': [1.0, 1.0, 1.0], 'normalization_schemes': ['ZScoreNormalization'], 'use_mask_for_norm': [False], 'resampling_fn_data': 'resample_data_or_seg_to_shape', 'resampling_fn_seg': 'resample_data_or_seg_to_shape', 'resampling_fn_data_kwargs': {'is_seg': False, 'order': 3, 'order_z': 0, 'force_separate_z': None}, 'resampling_fn_seg_kwargs': {'is_seg': True, 'order': 1, 'order_z': 0, 'force_separate_z': None}, 'resampling_fn_probabilities': 'resample_data_or_seg_to_shape', 'resampling_fn_probabilities_kwargs': {'is_seg': False, 'order': 1, 'order_z': 0, 'force_separate_z': None}, 'architecture': {'network_class_name': 'dynamic_network_architectures.architectures.unet.ResidualEncoderUNet', 'arch_kwargs': {'n_stages': 6, 'features_per_stage': [32, 64, 128, 256, 320, 320], 'conv_op': 'torch.nn.modules.conv.Conv3d', 'kernel_sizes': [[3, 3, 3], [3, 3, 3], [3, 3, 3], [3, 3, 3], [3, 3, 3], [3, 3, 3]], 'strides': [[1, 1, 1], [2, 2, 2], [2, 2, 2], [2, 2, 2], [2, 2, 2], [1, 2, 1]], 'n_blocks_per_stage': [1, 3, 4, 6, 6, 6], 'n_conv_per_stage_decoder': [1, 1, 1, 1, 1], 'conv_bias': True, 'norm_op': 'torch.nn.modules.instancenorm.InstanceNorm3d', 'norm_op_kwargs': {'eps': 1e-05, 'affine': True}, 'dropout_op': None, 'dropout_op_kwargs': None, 'nonlin': 'torch.nn.LeakyReLU', 'nonlin_kwargs': {'inplace': True}}, '_kw_requires_import': ['conv_op', 'norm_op', 'dropout_op', 'nonlin']}, 'batch_dice': False} 

These are the global plan.json settings:
 {'dataset_name': 'Dataset001_BPWoodDefects', 'plans_name': 'nnUNetResEncUNetLPlans', 'original_median_spacing_after_transp': [1.0, 1.0, 1.0], 'original_median_shape_after_transp': [96, 256, 96], 'image_reader_writer': 'SimpleITKIO', 'transpose_forward': [0, 1, 2], 'transpose_backward': [0, 1, 2], 'experiment_planner_used': 'nnUNetPlannerResEncL', 'label_manager': 'LabelManager', 'foreground_intensity_properties_per_channel': {'0': {'max': 128.0, 'mean': 69.90880584716797, 'median': 75.0, 'min': 15.0, 'percentile_00_5': 15.0, 'percentile_99_5': 128.0, 'std': 33.33543395996094}}} 

2026-03-21 03:10:12.136809: 
2026-03-21 03:10:12.138731: Epoch 0
2026-03-21 03:10:12.140669: Current learning rate: 0.01
2026-03-21 03:14:42.590503: train_loss 0.1118
2026-03-21 03:14:42.600172: val_loss -0.038
2026-03-21 03:14:42.603211: Pseudo dice [0.0, 0.3085, 0.0, 0.181, 0.5925]
2026-03-21 03:14:42.605546: Epoch time: 270.46 s
2026-03-21 03:14:42.607989: Yayy! New best EMA pseudo Dice: 0.2164
2026-03-21 03:14:49.217977: 
2026-03-21 03:14:49.220844: Epoch 1
2026-03-21 03:14:49.222905: Current learning rate: 0.00999
2026-03-21 03:19:25.880834: train_loss -0.0632
2026-03-21 03:19:25.889817: val_loss -0.0947
2026-03-21 03:19:25.892767: Pseudo dice [0.0, 0.497, 0.0, 0.2485, 0.813]
2026-03-21 03:19:25.895916: Epoch time: 276.67 s
2026-03-21 03:19:25.899686: Yayy! New best EMA pseudo Dice: 0.226
2026-03-21 03:19:32.416906: 
2026-03-21 03:19:32.420165: Epoch 2
2026-03-21 03:19:32.422478: Current learning rate: 0.00998
2026-03-21 03:23:46.310361: train_loss -0.114
2026-03-21 03:23:46.315650: val_loss -0.1419
2026-03-21 03:23:46.317633: Pseudo dice [0.0, 0.7054, 0.0, 0.4339, 0.8764]
2026-03-21 03:23:46.319352: Epoch time: 253.9 s
2026-03-21 03:23:46.321002: Yayy! New best EMA pseudo Dice: 0.2437
2026-03-21 03:23:49.892194: 
2026-03-21 03:23:49.894024: Epoch 3
2026-03-21 03:23:49.895614: Current learning rate: 0.00997
2026-03-21 03:28:33.287730: train_loss -0.1457
2026-03-21 03:28:33.296140: val_loss -0.173
2026-03-21 03:28:33.298984: Pseudo dice [0.0, 0.7327, 0.0, 0.6802, 0.9055]
2026-03-21 03:28:33.303478: Epoch time: 283.4 s
2026-03-21 03:28:33.307566: Yayy! New best EMA pseudo Dice: 0.2657
2026-03-21 03:28:39.804921: 
2026-03-21 03:28:39.808321: Epoch 4
2026-03-21 03:28:39.810887: Current learning rate: 0.00996
2026-03-21 03:33:03.038689: train_loss -0.1756
2026-03-21 03:33:03.043631: val_loss -0.2514
2026-03-21 03:33:03.045346: Pseudo dice [0.0, 0.8179, 0.0, 0.7037, 0.9167]
2026-03-21 03:33:03.047037: Epoch time: 263.24 s
2026-03-21 03:33:03.048740: Yayy! New best EMA pseudo Dice: 0.2879
2026-03-21 03:33:08.285747: 
2026-03-21 03:33:08.288384: Epoch 5
2026-03-21 03:33:08.290936: Current learning rate: 0.00995
2026-03-21 03:37:28.761781: train_loss -0.3628
2026-03-21 03:37:28.767686: val_loss -0.4627
2026-03-21 03:37:28.769511: Pseudo dice [0.0, 0.5798, 0.0, 0.8129, 0.936]
2026-03-21 03:37:28.771537: Epoch time: 260.48 s
2026-03-21 03:37:28.773580: Yayy! New best EMA pseudo Dice: 0.3057
2026-03-21 03:37:32.368514: 
2026-03-21 03:37:32.370463: Epoch 6
2026-03-21 03:37:32.373119: Current learning rate: 0.00995
2026-03-21 03:41:43.256415: train_loss -0.4796
2026-03-21 03:41:43.263048: val_loss -0.542
2026-03-21 03:41:43.266219: Pseudo dice [0.0, 0.7188, 0.0, 0.7469, 0.9026]
2026-03-21 03:41:43.268780: Epoch time: 250.89 s
2026-03-21 03:41:43.271118: Yayy! New best EMA pseudo Dice: 0.3225
2026-03-21 03:41:49.473463: 
2026-03-21 03:41:49.475990: Epoch 7
2026-03-21 03:41:49.478141: Current learning rate: 0.00994
2026-03-21 03:46:17.179316: train_loss -0.5297
2026-03-21 03:46:17.184819: val_loss -0.5646
2026-03-21 03:46:17.186441: Pseudo dice [0.0, 0.6824, 0.0, 0.8122, 0.9265]
2026-03-21 03:46:17.189013: Epoch time: 267.71 s
2026-03-21 03:46:17.190838: Yayy! New best EMA pseudo Dice: 0.3386
2026-03-21 03:46:20.767239: 
2026-03-21 03:46:20.769093: Epoch 8
2026-03-21 03:46:20.771544: Current learning rate: 0.00993
2026-03-21 03:50:34.821303: train_loss -0.5503
2026-03-21 03:50:34.824843: val_loss -0.6123
2026-03-21 03:50:34.825989: Pseudo dice [0.0, 0.7912, 0.0, 0.8175, 0.9317]
2026-03-21 03:50:34.827319: Epoch time: 254.06 s
2026-03-21 03:50:34.828639: Yayy! New best EMA pseudo Dice: 0.3556
2026-03-21 03:50:40.607688: 
2026-03-21 03:50:40.610548: Epoch 9
2026-03-21 03:50:40.612906: Current learning rate: 0.00992
2026-03-21 03:55:34.993429: train_loss -0.6351
2026-03-21 03:55:35.003124: val_loss -0.7201
2026-03-21 03:55:35.008043: Pseudo dice [0.0, 0.8093, 0.0, 0.8338, 0.9163]
2026-03-21 03:55:35.011572: Epoch time: 294.39 s
2026-03-21 03:55:39.797168: Yayy! New best EMA pseudo Dice: 0.3712
2026-03-21 03:55:43.910945: 
2026-03-21 03:55:43.912959: Epoch 10
2026-03-21 03:55:43.914573: Current learning rate: 0.00991
2026-03-21 03:59:46.041239: train_loss -0.6924
2026-03-21 03:59:46.045762: val_loss -0.7344
2026-03-21 03:59:46.047293: Pseudo dice [0.0, 0.7783, 0.0, 0.8703, 0.9276]
2026-03-21 03:59:46.048729: Epoch time: 242.13 s
2026-03-21 03:59:46.050254: Yayy! New best EMA pseudo Dice: 0.3856
2026-03-21 03:59:49.604403: 
2026-03-21 03:59:49.606573: Epoch 11
2026-03-21 03:59:49.608419: Current learning rate: 0.0099
2026-03-21 04:03:51.748893: train_loss -0.7234
2026-03-21 04:03:51.756685: val_loss -0.7413
2026-03-21 04:03:51.760571: Pseudo dice [0.0, 0.7821, 0.0, 0.8907, 0.9487]
2026-03-21 04:03:51.764173: Epoch time: 242.15 s
2026-03-21 04:03:51.767810: Yayy! New best EMA pseudo Dice: 0.3995
2026-03-21 04:03:57.804685: 
2026-03-21 04:03:57.807513: Epoch 12
2026-03-21 04:03:57.810136: Current learning rate: 0.00989
2026-03-21 04:08:29.994726: train_loss -0.724
2026-03-21 04:08:30.003102: val_loss -0.7369
2026-03-21 04:08:30.006577: Pseudo dice [0.0, 0.7669, 0.0, 0.864, 0.922]
2026-03-21 04:08:30.010745: Epoch time: 272.19 s
2026-03-21 04:08:30.013659: Yayy! New best EMA pseudo Dice: 0.4106
2026-03-21 04:08:36.526110: 
2026-03-21 04:08:36.529231: Epoch 13
2026-03-21 04:08:36.531743: Current learning rate: 0.00988
2026-03-21 04:12:51.198782: train_loss -0.714
2026-03-21 04:12:51.205416: val_loss -0.7328
2026-03-21 04:12:51.207663: Pseudo dice [0.0, 0.6894, 0.0, 0.8793, 0.9387]
2026-03-21 04:12:51.209794: Epoch time: 254.68 s
2026-03-21 04:12:51.211999: Yayy! New best EMA pseudo Dice: 0.4197
2026-03-21 04:12:57.005006: 
2026-03-21 04:12:57.008099: Epoch 14
2026-03-21 04:12:57.010499: Current learning rate: 0.00987
2026-03-21 04:17:28.361429: train_loss -0.7429
2026-03-21 04:17:28.366276: val_loss -0.7579
2026-03-21 04:17:28.368129: Pseudo dice [0.0, 0.809, 0.0, 0.906, 0.9488]
2026-03-21 04:17:28.369766: Epoch time: 271.36 s
2026-03-21 04:17:28.371259: Yayy! New best EMA pseudo Dice: 0.431
2026-03-21 04:17:31.991398: 
2026-03-21 04:17:31.993757: Epoch 15
2026-03-21 04:17:31.995428: Current learning rate: 0.00986
2026-03-21 04:21:40.842966: train_loss -0.7511
2026-03-21 04:21:40.849301: val_loss -0.7421
2026-03-21 04:21:40.852516: Pseudo dice [0.0, 0.8166, 0.0, 0.8977, 0.9226]
2026-03-21 04:21:40.854931: Epoch time: 248.86 s
2026-03-21 04:21:40.856873: Yayy! New best EMA pseudo Dice: 0.4406
2026-03-21 04:21:47.536846: 
2026-03-21 04:21:47.539926: Epoch 16
2026-03-21 04:21:47.542490: Current learning rate: 0.00986
2026-03-21 04:26:01.002631: train_loss -0.7535
2026-03-21 04:26:01.007989: val_loss -0.7661
2026-03-21 04:26:01.009665: Pseudo dice [0.0, 0.8032, 0.0, 0.9119, 0.9514]
2026-03-21 04:26:01.011244: Epoch time: 253.47 s
2026-03-21 04:26:01.012672: Yayy! New best EMA pseudo Dice: 0.4499
2026-03-21 04:26:04.855334: 
2026-03-21 04:26:04.856964: Epoch 17
2026-03-21 04:26:04.858307: Current learning rate: 0.00985
2026-03-21 04:30:09.969651: train_loss -0.7611
2026-03-21 04:30:09.977240: val_loss -0.7715
2026-03-21 04:30:09.979734: Pseudo dice [0.0, 0.8309, 0.0, 0.9237, 0.9396]
2026-03-21 04:30:09.981853: Epoch time: 245.12 s
2026-03-21 04:30:09.983839: Yayy! New best EMA pseudo Dice: 0.4588
2026-03-21 04:30:18.072139: 
2026-03-21 04:30:18.074922: Epoch 18
2026-03-21 04:30:18.077441: Current learning rate: 0.00984
2026-03-21 04:34:25.624094: train_loss -0.7569
2026-03-21 04:34:25.630241: val_loss -0.7702
2026-03-21 04:34:25.632440: Pseudo dice [0.0, 0.8794, 0.0, 0.903, 0.9381]
2026-03-21 04:34:25.634615: Epoch time: 247.56 s
2026-03-21 04:34:25.637015: Yayy! New best EMA pseudo Dice: 0.4673
2026-03-21 04:34:32.576785: 
2026-03-21 04:34:32.579403: Epoch 19
2026-03-21 04:34:32.581403: Current learning rate: 0.00983
2026-03-21 04:39:06.984922: train_loss -0.7688
2026-03-21 04:39:06.988898: val_loss -0.7682
2026-03-21 04:39:06.990697: Pseudo dice [0.0, 0.8161, 0.0, 0.8917, 0.9401]
2026-03-21 04:39:06.992576: Epoch time: 274.41 s
2026-03-21 04:39:09.464557: Yayy! New best EMA pseudo Dice: 0.4735
2026-03-21 04:39:13.997237: 
2026-03-21 04:39:13.999760: Epoch 20
2026-03-21 04:39:14.002761: Current learning rate: 0.00982
2026-03-21 04:43:47.591971: train_loss -0.764
2026-03-21 04:43:47.599572: val_loss -0.7854
2026-03-21 04:43:47.602794: Pseudo dice [0.0, 0.8404, 0.0, 0.9084, 0.951]
2026-03-21 04:43:47.606306: Epoch time: 273.6 s
2026-03-21 04:43:47.609318: Yayy! New best EMA pseudo Dice: 0.4802
2026-03-21 04:43:54.479028: 
2026-03-21 04:43:54.483517: Epoch 21
2026-03-21 04:43:54.487349: Current learning rate: 0.00981
2026-03-21 04:48:14.737680: train_loss -0.7658
2026-03-21 04:48:14.744317: val_loss -0.7875
2026-03-21 04:48:14.749534: Pseudo dice [0.0, 0.927, 0.0, 0.9004, 0.9376]
2026-03-21 04:48:14.752472: Epoch time: 260.26 s
2026-03-21 04:48:14.760205: Yayy! New best EMA pseudo Dice: 0.4875
2026-03-21 04:48:20.787790: 
2026-03-21 04:48:20.790365: Epoch 22
2026-03-21 04:48:20.792572: Current learning rate: 0.0098
2026-03-21 04:52:48.527801: train_loss -0.7701
2026-03-21 04:52:48.535671: val_loss -0.8024
2026-03-21 04:52:48.539255: Pseudo dice [0.0, 0.8286, 0.0, 0.9387, 0.9544]
2026-03-21 04:52:48.542757: Epoch time: 267.74 s
2026-03-21 04:52:48.545592: Yayy! New best EMA pseudo Dice: 0.4932
2026-03-21 04:52:55.272181: 
2026-03-21 04:52:55.275052: Epoch 23
2026-03-21 04:52:55.277159: Current learning rate: 0.00979
2026-03-21 04:57:18.750605: train_loss -0.7921
2026-03-21 04:57:18.754438: val_loss -0.8107
2026-03-21 04:57:18.755922: Pseudo dice [0.0, 0.8745, 0.0, 0.9281, 0.9523]
2026-03-21 04:57:18.757433: Epoch time: 263.48 s
2026-03-21 04:57:18.758906: Yayy! New best EMA pseudo Dice: 0.4989
2026-03-21 04:57:22.383658: 
2026-03-21 04:57:22.387067: Epoch 24
2026-03-21 04:57:22.389763: Current learning rate: 0.00978
2026-03-21 05:01:43.609569: train_loss -0.7963
2026-03-21 05:01:43.614677: val_loss -0.8139
2026-03-21 05:01:43.616291: Pseudo dice [0.0, 0.8747, 0.0, 0.9154, 0.9546]
2026-03-21 05:01:43.618007: Epoch time: 261.23 s
2026-03-21 05:01:43.619728: Yayy! New best EMA pseudo Dice: 0.5039
2026-03-21 05:01:47.332408: 
2026-03-21 05:01:47.334238: Epoch 25
2026-03-21 05:01:47.335840: Current learning rate: 0.00977
2026-03-21 05:05:57.317680: train_loss -0.7919
2026-03-21 05:05:57.321713: val_loss -0.8102
2026-03-21 05:05:57.324012: Pseudo dice [0.0, 0.9139, 0.0, 0.8902, 0.9364]
2026-03-21 05:05:57.326098: Epoch time: 249.99 s
2026-03-21 05:05:57.328818: Yayy! New best EMA pseudo Dice: 0.5084
2026-03-21 05:06:00.776073: 
2026-03-21 05:06:00.777841: Epoch 26
2026-03-21 05:06:00.779902: Current learning rate: 0.00977
2026-03-21 05:10:17.556048: train_loss -0.7949
2026-03-21 05:10:17.566782: val_loss -0.8234
2026-03-21 05:10:17.570635: Pseudo dice [0.0, 0.9018, 0.0, 0.9373, 0.962]
2026-03-21 05:10:17.574621: Epoch time: 256.78 s
2026-03-21 05:10:17.578261: Yayy! New best EMA pseudo Dice: 0.5135
2026-03-21 05:10:24.790727: 
2026-03-21 05:10:24.793687: Epoch 27
2026-03-21 05:10:24.797236: Current learning rate: 0.00976
2026-03-21 05:14:44.567371: train_loss -0.8015
2026-03-21 05:14:44.575455: val_loss -0.813
2026-03-21 05:14:44.578160: Pseudo dice [0.0, 0.8479, 0.0, 0.9154, 0.9352]
2026-03-21 05:14:44.580486: Epoch time: 259.78 s
2026-03-21 05:14:44.582843: Yayy! New best EMA pseudo Dice: 0.5162
2026-03-21 05:14:51.326171: 
2026-03-21 05:14:51.328715: Epoch 28
2026-03-21 05:14:51.330599: Current learning rate: 0.00975
2026-03-21 05:19:12.542824: train_loss -0.7933
2026-03-21 05:19:12.554191: val_loss -0.8042
2026-03-21 05:19:12.556293: Pseudo dice [0.0, 0.9294, 0.0, 0.9305, 0.9539]
2026-03-21 05:19:12.558430: Epoch time: 261.22 s
2026-03-21 05:19:12.561016: Yayy! New best EMA pseudo Dice: 0.5208
2026-03-21 05:19:19.220984: 
2026-03-21 05:19:19.223459: Epoch 29
2026-03-21 05:19:19.225465: Current learning rate: 0.00974
2026-03-21 05:23:58.049551: train_loss -0.7899
2026-03-21 05:23:58.055838: val_loss -0.8198
2026-03-21 05:23:58.058789: Pseudo dice [0.0, 0.9419, 0.0, 0.9326, 0.9511]
2026-03-21 05:23:58.061162: Epoch time: 278.83 s
2026-03-21 05:24:02.693801: Yayy! New best EMA pseudo Dice: 0.5252
2026-03-21 05:24:08.428768: 
2026-03-21 05:24:08.432120: Epoch 30
2026-03-21 05:24:08.434707: Current learning rate: 0.00973
2026-03-21 05:28:16.271869: train_loss -0.7947
2026-03-21 05:28:16.277810: val_loss -0.794
2026-03-21 05:28:16.280235: Pseudo dice [0.0, 0.9499, 0.0, 0.9256, 0.9478]
2026-03-21 05:28:16.282411: Epoch time: 247.85 s
2026-03-21 05:28:16.284381: Yayy! New best EMA pseudo Dice: 0.5292
2026-03-21 05:28:20.810101: 
2026-03-21 05:28:20.813419: Epoch 31
2026-03-21 05:28:20.816441: Current learning rate: 0.00972
2026-03-21 05:32:37.124901: train_loss -0.7969
2026-03-21 05:32:37.130593: val_loss -0.7973
2026-03-21 05:32:37.133443: Pseudo dice [0.0, 0.9207, 0.0, 0.8588, 0.9305]
2026-03-21 05:32:37.136537: Epoch time: 256.32 s
2026-03-21 05:32:37.139314: Yayy! New best EMA pseudo Dice: 0.5305
2026-03-21 05:32:43.351254: 
2026-03-21 05:32:43.354417: Epoch 32
2026-03-21 05:32:43.356682: Current learning rate: 0.00971
2026-03-21 05:36:59.868930: train_loss -0.8045
2026-03-21 05:36:59.873440: val_loss -0.8352
2026-03-21 05:36:59.875218: Pseudo dice [0.0, 0.9482, 0.0, 0.9239, 0.9523]
2026-03-21 05:36:59.877224: Epoch time: 256.52 s
2026-03-21 05:36:59.878971: Yayy! New best EMA pseudo Dice: 0.5339
2026-03-21 05:37:04.166256: 
2026-03-21 05:37:04.169005: Epoch 33
2026-03-21 05:37:04.171366: Current learning rate: 0.0097
2026-03-21 05:41:50.440146: train_loss -0.805
2026-03-21 05:41:50.447631: val_loss -0.8169
2026-03-21 05:41:50.450147: Pseudo dice [0.0, 0.9318, 0.0, 0.9172, 0.9564]
2026-03-21 05:41:50.454490: Epoch time: 286.28 s
2026-03-21 05:41:50.458506: Yayy! New best EMA pseudo Dice: 0.5366
2026-03-21 05:41:56.175079: 
2026-03-21 05:41:56.177643: Epoch 34
2026-03-21 05:41:56.179992: Current learning rate: 0.00969
2026-03-21 05:46:03.929429: train_loss -0.813
2026-03-21 05:46:03.935272: val_loss -0.818
2026-03-21 05:46:03.937553: Pseudo dice [0.0, 0.9456, 0.0, 0.9453, 0.9652]
2026-03-21 05:46:03.939508: Epoch time: 247.76 s
2026-03-21 05:46:03.941453: Yayy! New best EMA pseudo Dice: 0.5401
2026-03-21 05:46:07.552453: 
2026-03-21 05:46:07.554374: Epoch 35
2026-03-21 05:46:07.556423: Current learning rate: 0.00968
2026-03-21 05:50:12.530843: train_loss -0.8201
2026-03-21 05:50:12.540153: val_loss -0.8346
2026-03-21 05:50:12.543755: Pseudo dice [0.0, 0.9598, 0.0, 0.9474, 0.9658]
2026-03-21 05:50:12.546585: Epoch time: 244.98 s
2026-03-21 05:50:12.549191: Yayy! New best EMA pseudo Dice: 0.5435
2026-03-21 05:50:19.727839: 
2026-03-21 05:50:19.731097: Epoch 36
2026-03-21 05:50:19.734128: Current learning rate: 0.00968
2026-03-21 05:54:43.828534: train_loss -0.8177
2026-03-21 05:54:43.836616: val_loss -0.8387
2026-03-21 05:54:43.839511: Pseudo dice [0.0, 0.9514, 0.0, 0.9361, 0.9582]
2026-03-21 05:54:43.842578: Epoch time: 264.1 s
2026-03-21 05:54:43.846425: Yayy! New best EMA pseudo Dice: 0.5461
2026-03-21 05:54:50.471770: 
2026-03-21 05:54:50.475305: Epoch 37
2026-03-21 05:54:50.479097: Current learning rate: 0.00967
2026-03-21 05:59:09.360768: train_loss -0.8173
2026-03-21 05:59:09.371112: val_loss -0.8358
2026-03-21 05:59:09.374246: Pseudo dice [0.0, 0.9557, 0.0, 0.9359, 0.9563]
2026-03-21 05:59:09.378307: Epoch time: 258.89 s
2026-03-21 05:59:09.382697: Yayy! New best EMA pseudo Dice: 0.5484
2026-03-21 05:59:16.938089: 
2026-03-21 05:59:16.941940: Epoch 38
2026-03-21 05:59:16.945006: Current learning rate: 0.00966
2026-03-21 06:03:45.191239: train_loss -0.8157
2026-03-21 06:03:45.201368: val_loss -0.8256
2026-03-21 06:03:45.205242: Pseudo dice [0.0, 0.9571, 0.0, 0.9501, 0.961]
2026-03-21 06:03:45.208775: Epoch time: 268.26 s
2026-03-21 06:03:45.211584: Yayy! New best EMA pseudo Dice: 0.551
2026-03-21 06:03:53.062633: 
2026-03-21 06:03:53.065478: Epoch 39
2026-03-21 06:03:53.068385: Current learning rate: 0.00965
2026-03-21 06:08:08.064091: train_loss -0.8051
2026-03-21 06:08:08.072962: val_loss -0.8327
2026-03-21 06:08:08.076240: Pseudo dice [0.0, 0.9609, 0.0, 0.9314, 0.9491]
2026-03-21 06:08:08.079135: Epoch time: 255.0 s
2026-03-21 06:08:12.838387: Yayy! New best EMA pseudo Dice: 0.5527
2026-03-21 06:08:18.355372: 
2026-03-21 06:08:18.357892: Epoch 40
2026-03-21 06:08:18.360238: Current learning rate: 0.00964
2026-03-21 06:12:27.113351: train_loss -0.8129
2026-03-21 06:12:27.121088: val_loss -0.8255
2026-03-21 06:12:27.124155: Pseudo dice [0.0, 0.9591, 0.0, 0.935, 0.9498]
2026-03-21 06:12:27.126670: Epoch time: 248.76 s
2026-03-21 06:12:27.129078: Yayy! New best EMA pseudo Dice: 0.5543
2026-03-21 06:12:32.941640: 
2026-03-21 06:12:32.944765: Epoch 41
2026-03-21 06:12:32.946985: Current learning rate: 0.00963
2026-03-21 06:16:52.144941: train_loss -0.8133
2026-03-21 06:16:52.150207: val_loss -0.8357
2026-03-21 06:16:52.152469: Pseudo dice [0.0, 0.9701, 0.0, 0.928, 0.9519]
2026-03-21 06:16:52.154669: Epoch time: 259.21 s
2026-03-21 06:16:52.157174: Yayy! New best EMA pseudo Dice: 0.5559
2026-03-21 06:16:55.584313: 
2026-03-21 06:16:55.587673: Epoch 42
2026-03-21 06:16:55.590537: Current learning rate: 0.00962
2026-03-21 06:20:57.376151: train_loss -0.8179
2026-03-21 06:20:57.380540: val_loss -0.8371
2026-03-21 06:20:57.382654: Pseudo dice [0.0, 0.9683, 0.0, 0.9451, 0.9642]
2026-03-21 06:20:57.384832: Epoch time: 241.79 s
2026-03-21 06:20:57.387292: Yayy! New best EMA pseudo Dice: 0.5578
2026-03-21 06:21:00.760271: 
2026-03-21 06:21:00.762174: Epoch 43
2026-03-21 06:21:00.763988: Current learning rate: 0.00961
2026-03-21 06:24:51.151111: train_loss -0.8185
2026-03-21 06:24:51.156447: val_loss -0.8353
2026-03-21 06:24:51.158647: Pseudo dice [0.0, 0.9681, 0.0, 0.9488, 0.96]
2026-03-21 06:24:51.161109: Epoch time: 230.39 s
2026-03-21 06:24:51.162966: Yayy! New best EMA pseudo Dice: 0.5596
2026-03-21 06:24:54.576129: 
2026-03-21 06:24:54.577920: Epoch 44
2026-03-21 06:24:54.580505: Current learning rate: 0.0096
2026-03-21 06:28:54.497129: train_loss -0.8283
2026-03-21 06:28:54.503611: val_loss -0.8453
2026-03-21 06:28:54.506027: Pseudo dice [0.0, 0.9584, 0.0, 0.9573, 0.9668]
2026-03-21 06:28:54.508646: Epoch time: 239.92 s
2026-03-21 06:28:54.511517: Yayy! New best EMA pseudo Dice: 0.5613
2026-03-21 06:29:00.892322: 
2026-03-21 06:29:00.895336: Epoch 45
2026-03-21 06:29:00.897856: Current learning rate: 0.00959
2026-03-21 06:33:24.575155: train_loss -0.8248
2026-03-21 06:33:24.580155: val_loss -0.8274
2026-03-21 06:33:24.581684: Pseudo dice [0.0, 0.9356, 0.0, 0.9362, 0.9625]
2026-03-21 06:33:24.583218: Epoch time: 263.69 s
2026-03-21 06:33:24.584798: Yayy! New best EMA pseudo Dice: 0.5618
2026-03-21 06:33:31.288264: 
2026-03-21 06:33:31.291027: Epoch 46
2026-03-21 06:33:31.293169: Current learning rate: 0.00959
2026-03-21 06:37:58.829835: train_loss -0.8193
2026-03-21 06:37:58.834255: val_loss -0.8239
2026-03-21 06:37:58.835990: Pseudo dice [0.0, 0.9527, 0.0, 0.9193, 0.953]
2026-03-21 06:37:58.837690: Epoch time: 267.54 s
2026-03-21 06:37:58.839358: Yayy! New best EMA pseudo Dice: 0.5622
2026-03-21 06:38:03.062157: 
2026-03-21 06:38:03.064750: Epoch 47
2026-03-21 06:38:03.067076: Current learning rate: 0.00958
2026-03-21 06:42:15.192061: train_loss -0.8187
2026-03-21 06:42:15.200961: val_loss -0.8247
2026-03-21 06:42:15.204354: Pseudo dice [0.0, 0.9693, 0.0, 0.9154, 0.9575]
2026-03-21 06:42:15.207372: Epoch time: 252.13 s
2026-03-21 06:42:15.210738: Yayy! New best EMA pseudo Dice: 0.5628
2026-03-21 06:42:21.725948: 
2026-03-21 06:42:21.729432: Epoch 48
2026-03-21 06:42:21.732565: Current learning rate: 0.00957
2026-03-21 06:46:39.557531: train_loss -0.8214
2026-03-21 06:46:39.565102: val_loss -0.8314
2026-03-21 06:46:39.568727: Pseudo dice [0.0, 0.9606, 0.0, 0.9515, 0.9642]
2026-03-21 06:46:39.572478: Epoch time: 257.84 s
2026-03-21 06:46:39.575556: Yayy! New best EMA pseudo Dice: 0.564
2026-03-21 06:46:46.683608: 
2026-03-21 06:46:46.686834: Epoch 49
2026-03-21 06:46:46.689472: Current learning rate: 0.00956
2026-03-21 06:51:01.258816: train_loss -0.8297
2026-03-21 06:51:01.263431: val_loss -0.828
2026-03-21 06:51:01.265658: Pseudo dice [0.0, 0.9693, 0.0, 0.9536, 0.9692]
2026-03-21 06:51:01.267876: Epoch time: 254.58 s
2026-03-21 06:51:03.793823: Yayy! New best EMA pseudo Dice: 0.5655
2026-03-21 06:51:07.352709: 
2026-03-21 06:51:07.355040: Epoch 50
2026-03-21 06:51:07.357004: Current learning rate: 0.00955
2026-03-21 06:55:24.541904: train_loss -0.8129
2026-03-21 06:55:24.552598: val_loss -0.8214
2026-03-21 06:55:24.556526: Pseudo dice [0.0, 0.975, 0.0, 0.9188, 0.9531]
2026-03-21 06:55:24.560345: Epoch time: 257.19 s
2026-03-21 06:55:24.564051: Yayy! New best EMA pseudo Dice: 0.5659
2026-03-21 06:55:31.338757: 
2026-03-21 06:55:31.341915: Epoch 51
2026-03-21 06:55:31.344287: Current learning rate: 0.00954
2026-03-21 06:59:45.207458: train_loss -0.8055
2026-03-21 06:59:45.212505: val_loss -0.811
2026-03-21 06:59:45.214649: Pseudo dice [0.0, 0.9665, 0.0, 0.9213, 0.9453]
2026-03-21 06:59:45.217020: Epoch time: 253.87 s
2026-03-21 06:59:45.219111: Yayy! New best EMA pseudo Dice: 0.5659
2026-03-21 06:59:48.813455: 
2026-03-21 06:59:48.815323: Epoch 52
2026-03-21 06:59:48.816985: Current learning rate: 0.00953
2026-03-21 07:04:06.137104: train_loss -0.8174
2026-03-21 07:04:06.141874: val_loss -0.811
2026-03-21 07:04:06.143770: Pseudo dice [0.0, 0.9212, 0.0, 0.9416, 0.9546]
2026-03-21 07:04:06.145522: Epoch time: 257.33 s
2026-03-21 07:04:07.671940: 
2026-03-21 07:04:07.674349: Epoch 53
2026-03-21 07:04:07.676089: Current learning rate: 0.00952
2026-03-21 07:08:37.179842: train_loss -0.8168
2026-03-21 07:08:37.188322: val_loss -0.8394
2026-03-21 07:08:37.192161: Pseudo dice [0.0, 0.9604, 0.0, 0.9478, 0.9607]
2026-03-21 07:08:37.196043: Epoch time: 269.52 s
2026-03-21 07:08:37.199351: Yayy! New best EMA pseudo Dice: 0.5665
2026-03-21 07:08:42.902306: 
2026-03-21 07:08:42.905283: Epoch 54
2026-03-21 07:08:42.907695: Current learning rate: 0.00951
2026-03-21 07:13:16.826549: train_loss -0.8137
2026-03-21 07:13:16.831229: val_loss -0.8163
2026-03-21 07:13:16.833282: Pseudo dice [0.0, 0.9712, 0.0, 0.9354, 0.9495]
2026-03-21 07:13:16.835630: Epoch time: 273.93 s
2026-03-21 07:13:16.837688: Yayy! New best EMA pseudo Dice: 0.567
2026-03-21 07:13:20.389086: 
2026-03-21 07:13:20.391107: Epoch 55
2026-03-21 07:13:20.392909: Current learning rate: 0.0095
2026-03-21 07:17:27.383609: train_loss -0.8304
2026-03-21 07:17:27.389213: val_loss -0.8327
2026-03-21 07:17:27.391340: Pseudo dice [0.0, 0.9695, 0.0, 0.942, 0.9604]
2026-03-21 07:17:27.393238: Epoch time: 247.0 s
2026-03-21 07:17:27.394971: Yayy! New best EMA pseudo Dice: 0.5677
2026-03-21 07:17:30.900142: 
2026-03-21 07:17:30.902120: Epoch 56
2026-03-21 07:17:30.903887: Current learning rate: 0.00949
2026-03-21 07:22:29.713189: train_loss -0.8299
2026-03-21 07:22:29.722136: val_loss -0.8364
2026-03-21 07:22:29.726499: Pseudo dice [0.0, 0.9746, 0.0, 0.9393, 0.9572]
2026-03-21 07:22:29.730039: Epoch time: 298.82 s
2026-03-21 07:22:29.733005: Yayy! New best EMA pseudo Dice: 0.5684
2026-03-21 07:22:36.793718: 
2026-03-21 07:22:36.796440: Epoch 57
2026-03-21 07:22:36.798577: Current learning rate: 0.00949
2026-03-21 07:27:07.721126: train_loss -0.8339
2026-03-21 07:27:07.727183: val_loss -0.8425
2026-03-21 07:27:07.729173: Pseudo dice [0.0, 0.9674, 0.0, 0.9541, 0.9648]
2026-03-21 07:27:07.731131: Epoch time: 270.93 s
2026-03-21 07:27:07.732908: Yayy! New best EMA pseudo Dice: 0.5693
2026-03-21 07:27:11.408143: 
2026-03-21 07:27:11.410448: Epoch 58
2026-03-21 07:27:11.412777: Current learning rate: 0.00948
2026-03-21 07:31:25.843872: train_loss -0.8375
2026-03-21 07:31:25.855779: val_loss -0.8323
2026-03-21 07:31:25.860597: Pseudo dice [0.0, 0.9768, 0.0, 0.9413, 0.9558]
2026-03-21 07:31:25.866568: Epoch time: 254.44 s
2026-03-21 07:31:25.873785: Yayy! New best EMA pseudo Dice: 0.5698
2026-03-21 07:31:32.214123: 
2026-03-21 07:31:32.217090: Epoch 59
2026-03-21 07:31:32.219575: Current learning rate: 0.00947
2026-03-21 07:35:53.158154: train_loss -0.8338
2026-03-21 07:35:53.163123: val_loss -0.848
2026-03-21 07:35:53.165121: Pseudo dice [0.0, 0.9719, 0.0, 0.9488, 0.9727]
2026-03-21 07:35:53.166824: Epoch time: 260.95 s
2026-03-21 07:35:55.376632: Yayy! New best EMA pseudo Dice: 0.5707
2026-03-21 07:35:58.716846: 
2026-03-21 07:35:58.718430: Epoch 60
2026-03-21 07:35:58.719855: Current learning rate: 0.00946
2026-03-21 07:40:09.064690: train_loss -0.8273
2026-03-21 07:40:09.069421: val_loss -0.8506
2026-03-21 07:40:09.071564: Pseudo dice [0.0, 0.9752, 0.0, 0.9496, 0.9703]
2026-03-21 07:40:09.073490: Epoch time: 250.35 s
2026-03-21 07:40:09.075802: Yayy! New best EMA pseudo Dice: 0.5715
2026-03-21 07:40:12.669518: 
2026-03-21 07:40:12.671654: Epoch 61
2026-03-21 07:40:12.673756: Current learning rate: 0.00945
2026-03-21 07:44:39.474322: train_loss -0.8315
2026-03-21 07:44:39.481383: val_loss -0.8249
2026-03-21 07:44:39.483840: Pseudo dice [0.0, 0.9556, 0.0, 0.9226, 0.9626]
2026-03-21 07:44:39.486870: Epoch time: 266.81 s
2026-03-21 07:44:41.972125: 
2026-03-21 07:44:41.975013: Epoch 62
2026-03-21 07:44:41.977611: Current learning rate: 0.00944
2026-03-21 07:48:52.316592: train_loss -0.8413
2026-03-21 07:48:52.324000: val_loss -0.8337
2026-03-21 07:48:52.327466: Pseudo dice [0.0, 0.9724, 0.0, 0.9454, 0.9573]
2026-03-21 07:48:52.330770: Epoch time: 250.35 s
2026-03-21 07:48:52.333906: Yayy! New best EMA pseudo Dice: 0.5716
2026-03-21 07:48:59.296417: 
2026-03-21 07:48:59.299456: Epoch 63
2026-03-21 07:48:59.302840: Current learning rate: 0.00943
2026-03-21 07:53:28.318441: train_loss -0.8369
2026-03-21 07:53:28.323184: val_loss -0.8546
2026-03-21 07:53:28.325105: Pseudo dice [0.0, 0.9722, 0.0, 0.9599, 0.9693]
2026-03-21 07:53:28.326918: Epoch time: 269.03 s
2026-03-21 07:53:28.328517: Yayy! New best EMA pseudo Dice: 0.5724
2026-03-21 07:53:31.964730: 
2026-03-21 07:53:31.966738: Epoch 64
2026-03-21 07:53:31.968710: Current learning rate: 0.00942
2026-03-21 07:57:35.129603: train_loss -0.8212
2026-03-21 07:57:35.135542: val_loss -0.8236
2026-03-21 07:57:35.137811: Pseudo dice [0.0, 0.9722, 0.0, 0.9281, 0.9273]
2026-03-21 07:57:35.140356: Epoch time: 243.17 s
2026-03-21 07:57:36.331933: 
2026-03-21 07:57:36.333877: Epoch 65
2026-03-21 07:57:36.335640: Current learning rate: 0.00941
2026-03-21 08:02:09.916277: train_loss -0.8224
2026-03-21 08:02:09.921016: val_loss -0.8209
2026-03-21 08:02:09.922960: Pseudo dice [0.0, 0.9539, 0.0, 0.9463, 0.9601]
2026-03-21 08:02:09.924843: Epoch time: 273.59 s
2026-03-21 08:02:11.079023: 
2026-03-21 08:02:11.081373: Epoch 66
2026-03-21 08:02:11.083487: Current learning rate: 0.0094
2026-03-21 08:06:24.757542: train_loss -0.8321
2026-03-21 08:06:24.761985: val_loss -0.8505
2026-03-21 08:06:24.763866: Pseudo dice [0.0, 0.9712, 0.0, 0.9436, 0.9639]
2026-03-21 08:06:24.765845: Epoch time: 253.68 s
2026-03-21 08:06:25.935483: 
2026-03-21 08:06:25.938131: Epoch 67
2026-03-21 08:06:25.940443: Current learning rate: 0.00939
2026-03-21 08:11:03.474893: train_loss -0.8337
2026-03-21 08:11:03.485312: val_loss -0.8338
2026-03-21 08:11:03.489427: Pseudo dice [0.0, 0.9624, 0.0, 0.9467, 0.9662]
2026-03-21 08:11:03.493417: Epoch time: 277.54 s
2026-03-21 08:11:03.497611: Yayy! New best EMA pseudo Dice: 0.5725
2026-03-21 08:11:10.773229: 
2026-03-21 08:11:10.777234: Epoch 68
2026-03-21 08:11:10.780170: Current learning rate: 0.00939
2026-03-21 08:16:01.335399: train_loss -0.8371
2026-03-21 08:16:01.346042: val_loss -0.8316
2026-03-21 08:16:01.350185: Pseudo dice [0.0, 0.9778, 0.0, 0.9481, 0.9632]
2026-03-21 08:16:01.354044: Epoch time: 290.57 s
2026-03-21 08:16:01.357586: Yayy! New best EMA pseudo Dice: 0.573
2026-03-21 08:16:08.366717: 
2026-03-21 08:16:08.369030: Epoch 69
2026-03-21 08:16:08.370863: Current learning rate: 0.00938
2026-03-21 08:20:37.724261: train_loss -0.8357
2026-03-21 08:20:37.729473: val_loss -0.8271
2026-03-21 08:20:37.731444: Pseudo dice [0.0, 0.973, 0.0, 0.899, 0.9586]
2026-03-21 08:20:37.733721: Epoch time: 269.36 s
2026-03-21 08:20:41.369104: 
2026-03-21 08:20:41.371244: Epoch 70
2026-03-21 08:20:41.372888: Current learning rate: 0.00937
2026-03-21 08:24:56.884838: train_loss -0.8231
2026-03-21 08:24:56.895082: val_loss -0.8329
2026-03-21 08:24:56.898121: Pseudo dice [0.0, 0.9671, 0.0, 0.9461, 0.9594]
2026-03-21 08:24:56.901510: Epoch time: 255.52 s
2026-03-21 08:24:59.139436: 
2026-03-21 08:24:59.142372: Epoch 71
2026-03-21 08:24:59.144907: Current learning rate: 0.00936
2026-03-21 08:29:34.804672: train_loss -0.8382
2026-03-21 08:29:34.812973: val_loss -0.8174
2026-03-21 08:29:34.817086: Pseudo dice [0.0, 0.9815, 0.0, 0.9221, 0.9621]
2026-03-21 08:29:34.821553: Epoch time: 275.67 s
2026-03-21 08:29:37.707091: 
2026-03-21 08:29:37.710899: Epoch 72
2026-03-21 08:29:37.714564: Current learning rate: 0.00935
2026-03-21 08:34:02.040030: train_loss -0.8341
2026-03-21 08:34:02.047338: val_loss -0.8317
2026-03-21 08:34:02.050510: Pseudo dice [0.0, 0.9582, 0.0, 0.9527, 0.9643]
2026-03-21 08:34:02.053506: Epoch time: 264.34 s
2026-03-21 08:34:04.617057: 
2026-03-21 08:34:04.621504: Epoch 73
2026-03-21 08:34:04.625677: Current learning rate: 0.00934
2026-03-21 08:38:27.339093: train_loss -0.8369
2026-03-21 08:38:27.346974: val_loss -0.8457
2026-03-21 08:38:27.350180: Pseudo dice [0.0, 0.9716, 0.0, 0.9502, 0.9686]
2026-03-21 08:38:27.353042: Epoch time: 262.73 s
2026-03-21 08:38:27.355395: Yayy! New best EMA pseudo Dice: 0.5734
2026-03-21 08:38:33.820253: 
2026-03-21 08:38:33.823539: Epoch 74
2026-03-21 08:38:33.825944: Current learning rate: 0.00933
2026-03-21 08:43:08.491166: train_loss -0.8398
2026-03-21 08:43:08.498008: val_loss -0.8188
2026-03-21 08:43:08.500525: Pseudo dice [0.0, 0.9775, 0.0, 0.9544, 0.9664]
2026-03-21 08:43:08.503374: Epoch time: 274.67 s
2026-03-21 08:43:08.505826: Yayy! New best EMA pseudo Dice: 0.574
2026-03-21 08:43:15.284485: 
2026-03-21 08:43:15.287979: Epoch 75
2026-03-21 08:43:15.290300: Current learning rate: 0.00932
2026-03-21 08:47:37.192816: train_loss -0.8301
2026-03-21 08:47:37.204398: val_loss -0.8218
2026-03-21 08:47:37.208380: Pseudo dice [0.0, 0.981, 0.0, 0.958, 0.9579]
2026-03-21 08:47:37.212766: Epoch time: 261.91 s
2026-03-21 08:47:37.216428: Yayy! New best EMA pseudo Dice: 0.5745
2026-03-21 08:47:43.742962: 
2026-03-21 08:47:43.745735: Epoch 76
2026-03-21 08:47:43.748291: Current learning rate: 0.00931
2026-03-21 08:52:07.052573: train_loss -0.8362
2026-03-21 08:52:07.059624: val_loss -0.835
2026-03-21 08:52:07.062053: Pseudo dice [0.0, 0.9847, 0.0, 0.9331, 0.9527]
2026-03-21 08:52:07.064375: Epoch time: 263.31 s
2026-03-21 08:52:09.216656: 
2026-03-21 08:52:09.220438: Epoch 77
2026-03-21 08:52:09.223212: Current learning rate: 0.0093
2026-03-21 08:56:39.369818: train_loss -0.8414
2026-03-21 08:56:39.378412: val_loss -0.8356
2026-03-21 08:56:39.383511: Pseudo dice [0.0, 0.9704, 0.0, 0.9386, 0.9561]
2026-03-21 08:56:39.389926: Epoch time: 270.16 s
2026-03-21 08:56:42.375417: 
2026-03-21 08:56:42.379045: Epoch 78
2026-03-21 08:56:42.381728: Current learning rate: 0.0093
2026-03-21 09:00:57.157782: train_loss -0.8356
2026-03-21 09:00:57.166131: val_loss -0.8458
2026-03-21 09:00:57.169552: Pseudo dice [0.0, 0.9323, 0.0, 0.9539, 0.9637]
2026-03-21 09:00:57.172762: Epoch time: 254.79 s
2026-03-21 09:01:00.619477: 
2026-03-21 09:01:00.622709: Epoch 79
2026-03-21 09:01:00.625093: Current learning rate: 0.00929
2026-03-21 09:05:32.809634: train_loss -0.8439
2026-03-21 09:05:32.817181: val_loss -0.8299
2026-03-21 09:05:32.820455: Pseudo dice [0.0, 0.9869, 0.0, 0.962, 0.9709]
2026-03-21 09:05:32.823065: Epoch time: 272.19 s
2026-03-21 09:05:37.594235: Yayy! New best EMA pseudo Dice: 0.5749
2026-03-21 09:05:43.316433: 
2026-03-21 09:05:43.319479: Epoch 80
2026-03-21 09:05:43.322058: Current learning rate: 0.00928
2026-03-21 09:10:06.823695: train_loss -0.8401
2026-03-21 09:10:06.832485: val_loss -0.8567
2026-03-21 09:10:06.836026: Pseudo dice [0.0, 0.9721, 0.0, 0.954, 0.9692]
2026-03-21 09:10:06.840650: Epoch time: 263.51 s
2026-03-21 09:10:06.843867: Yayy! New best EMA pseudo Dice: 0.5753
2026-03-21 09:10:14.260498: 
2026-03-21 09:10:14.263636: Epoch 81
2026-03-21 09:10:14.266204: Current learning rate: 0.00927
2026-03-21 09:14:53.578031: train_loss -0.8229
2026-03-21 09:14:53.588429: val_loss -0.8416
2026-03-21 09:14:53.591518: Pseudo dice [0.0, 0.9787, 0.0, 0.9363, 0.9577]
2026-03-21 09:14:53.594173: Epoch time: 279.32 s
2026-03-21 09:14:56.108460: 
2026-03-21 09:14:56.113775: Epoch 82
2026-03-21 09:14:56.117321: Current learning rate: 0.00926
2026-03-21 09:19:29.081805: train_loss -0.8438
2026-03-21 09:19:29.089477: val_loss -0.8329
2026-03-21 09:19:29.092423: Pseudo dice [0.0, 0.9792, 0.0, 0.9442, 0.9632]
2026-03-21 09:19:29.096085: Epoch time: 272.98 s
2026-03-21 09:19:29.099411: Yayy! New best EMA pseudo Dice: 0.5755
2026-03-21 09:19:35.701862: 
2026-03-21 09:19:35.704595: Epoch 83
2026-03-21 09:19:35.706848: Current learning rate: 0.00925
2026-03-21 09:24:12.851959: train_loss -0.8352
2026-03-21 09:24:12.857669: val_loss -0.8474
2026-03-21 09:24:12.860910: Pseudo dice [0.0, 0.9792, 0.0, 0.9442, 0.967]
2026-03-21 09:24:12.863469: Epoch time: 277.15 s
2026-03-21 09:24:12.875465: Yayy! New best EMA pseudo Dice: 0.5757
2026-03-21 09:24:16.519894: 
2026-03-21 09:24:16.522530: Epoch 84
2026-03-21 09:24:16.524642: Current learning rate: 0.00924
2026-03-21 09:28:20.524020: train_loss -0.8397
2026-03-21 09:28:20.527893: val_loss -0.8496
2026-03-21 09:28:20.529355: Pseudo dice [0.0, 0.9786, 0.0, 0.9365, 0.9597]
2026-03-21 09:28:20.530736: Epoch time: 244.01 s
2026-03-21 09:28:21.665117: 
2026-03-21 09:28:21.667152: Epoch 85
2026-03-21 09:28:21.669060: Current learning rate: 0.00923
2026-03-21 09:33:06.404827: train_loss -0.8448
2026-03-21 09:33:06.418036: val_loss -0.8426
2026-03-21 09:33:06.421092: Pseudo dice [0.0, 0.9771, 0.0, 0.964, 0.9704]
2026-03-21 09:33:06.424193: Epoch time: 284.74 s
2026-03-21 09:33:06.426782: Yayy! New best EMA pseudo Dice: 0.5763
2026-03-21 09:33:13.151202: 
2026-03-21 09:33:13.155455: Epoch 86
2026-03-21 09:33:13.158262: Current learning rate: 0.00922
2026-03-21 09:37:29.022578: train_loss -0.8346
2026-03-21 09:37:29.027520: val_loss -0.8543
2026-03-21 09:37:29.029516: Pseudo dice [0.0, 0.973, 0.0, 0.9601, 0.9686]
2026-03-21 09:37:29.031216: Epoch time: 255.87 s
2026-03-21 09:37:29.032735: Yayy! New best EMA pseudo Dice: 0.5767
2026-03-21 09:37:32.643069: 
2026-03-21 09:37:32.644973: Epoch 87
2026-03-21 09:37:32.646522: Current learning rate: 0.00921
2026-03-21 09:42:13.326332: train_loss -0.8335
2026-03-21 09:42:13.334140: val_loss -0.8378
2026-03-21 09:42:13.336969: Pseudo dice [0.0, 0.925, 0.0, 0.9534, 0.9614]
2026-03-21 09:42:13.339314: Epoch time: 280.69 s
2026-03-21 09:42:15.667038: 
2026-03-21 09:42:15.672074: Epoch 88
2026-03-21 09:42:15.675714: Current learning rate: 0.0092
slurmstepd-cf-prod-node-031: error: *** JOB 669 ON cf-prod-node-031 CANCELLED AT 2026-03-21T09:45:31 ***
